{"/Users/ren/IdeaProjects/starter-series/react-native-starter/app/(app)/about.js": {"path":"/Users/ren/IdeaProjects/starter-series/react-native-starter/app/(app)/about.js","statementMap":{"0":{"start":{"line":4,"column":2},"end":{"line":14,"column":4}},"1":{"start":{"line":17,"column":15},"end":{"line":37,"column":2}}},"fnMap":{"0":{"name":"AboutScreen","decl":{"start":{"line":3,"column":24},"end":{"line":3,"column":35}},"loc":{"start":{"line":3,"column":38},"end":{"line":15,"column":1}},"line":3}},"branchMap":{},"s":{"0":1,"1":1},"f":{"0":1},"b":{},"_coverageSchema":"1a1c01bbd47fc00a2c39e90264f33305004495a9","hash":"87a05c106167e5e18ee490f9a49790fb575f0596"}
,"/Users/ren/IdeaProjects/starter-series/react-native-starter/app/(app)/index.js": {"path":"/Users/ren/IdeaProjects/starter-series/react-native-starter/app/(app)/index.js","statementMap":{"0":{"start":{"line":6,"column":19},"end":{"line":6,"column":28}},"1":{"start":{"line":8,"column":2},"end":{"line":30,"column":4}},"2":{"start":{"line":33,"column":15},"end":{"line":81,"column":2}}},"fnMap":{"0":{"name":"HomeScreen","decl":{"start":{"line":5,"column":24},"end":{"line":5,"column":34}},"loc":{"start":{"line":5,"column":37},"end":{"line":31,"column":1}},"line":5}},"branchMap":{"0":{"loc":{"start":{"line":12,"column":9},"end":{"line":12,"column":56}},"type":"cond-expr","locations":[{"start":{"line":12,"column":22},"end":{"line":12,"column":40}},{"start":{"line":12,"column":43},"end":{"line":12,"column":56}}],"line":12}},"s":{"0":1,"1":1,"2":1},"f":{"0":1},"b":{"0":[1,0]},"_coverageSchema":"1a1c01bbd47fc00a2c39e90264f33305004495a9","hash":"358ba6505732e64e8def0a2ef5b11536d4093c64"}
,"/Users/ren/IdeaProjects/starter-series/react-native-starter/app/(app)/profile.js": {"path":"/Users/ren/IdeaProjects/starter-series/react-native-starter/app/(app)/profile.js","statementMap":{"0":{"start":{"line":5,"column":28},"end":{"line":5,"column":37}},"1":{"start":{"line":7,"column":2},"end":{"line":20,"column":4}},"2":{"start":{"line":23,"column":15},"end":{"line":62,"column":2}}},"fnMap":{"0":{"name":"ProfileScreen","decl":{"start":{"line":4,"column":24},"end":{"line":4,"column":37}},"loc":{"start":{"line":4,"column":40},"end":{"line":21,"column":1}},"line":4}},"branchMap":{"0":{"loc":{"start":{"line":9,"column":7},"end":{"line":13,"column":7}},"type":"cond-expr","locations":[{"start":{"line":10,"column":8},"end":{"line":10,"column":70}},{"start":{"line":12,"column":8},"end":{"line":12,"column":63}}],"line":9},"1":{"loc":{"start":{"line":14,"column":33},"end":{"line":14,"column":58}},"type":"binary-expr","locations":[{"start":{"line":14,"column":33},"end":{"line":14,"column":43}},{"start":{"line":14,"column":47},"end":{"line":14,"column":58}}],"line":14},"2":{"loc":{"start":{"line":15,"column":7},"end":{"line":15,"column":74}},"type":"cond-expr","locations":[{"start":{"line":15,"column":21},"end":{"line":15,"column":67}},{"start":{"line":15,"column":70},"end":{"line":15,"column":74}}],"line":15}},"s":{"0":1,"1":1,"2":1},"f":{"0":1},"b":{"0":[0,1],"1":[1,0],"2":[1,0]},"_coverageSchema":"1a1c01bbd47fc00a2c39e90264f33305004495a9","hash":"d735e630ff221541a838ffed43ac995105c03e8c"}
,"/Users/ren/IdeaProjects/starter-series/react-native-starter/lib/auth-context.js": {"path":"/Users/ren/IdeaProjects/starter-series/react-native-starter/lib/auth-context.js","statementMap":{"0":{"start":{"line":16,"column":0},"end":{"line":16,"column":38}},"1":{"start":{"line":18,"column":27},"end":{"line":18,"column":44}},"2":{"start":{"line":20,"column":20},"end":{"line":26,"column":2}},"3":{"start":{"line":35,"column":2},"end":{"line":35,"column":47}},"4":{"start":{"line":35,"column":35},"end":{"line":35,"column":47}},"5":{"start":{"line":36,"column":16},"end":{"line":36,"column":34}},"6":{"start":{"line":37,"column":2},"end":{"line":37,"column":38}},"7":{"start":{"line":37,"column":26},"end":{"line":37,"column":38}},"8":{"start":{"line":38,"column":2},"end":{"line":50,"column":3}},"9":{"start":{"line":40,"column":16},"end":{"line":40,"column":62}},"10":{"start":{"line":41,"column":19},"end":{"line":41,"column":63}},"11":{"start":{"line":44,"column":6},"end":{"line":46,"column":56}},"12":{"start":{"line":47,"column":4},"end":{"line":47,"column":28}},"13":{"start":{"line":49,"column":4},"end":{"line":49,"column":16}},"14":{"start":{"line":54,"column":2},"end":{"line":54,"column":27}},"15":{"start":{"line":54,"column":15},"end":{"line":54,"column":27}},"16":{"start":{"line":55,"column":2},"end":{"line":60,"column":4}},"17":{"start":{"line":65,"column":24},"end":{"line":68,"column":2}},"18":{"start":{"line":77,"column":18},"end":{"line":77,"column":42}},"19":{"start":{"line":78,"column":2},"end":{"line":78,"column":29}},"20":{"start":{"line":78,"column":16},"end":{"line":78,"column":29}},"21":{"start":{"line":79,"column":17},"end":{"line":79,"column":39}},"22":{"start":{"line":80,"column":2},"end":{"line":80,"column":28}},"23":{"start":{"line":80,"column":15},"end":{"line":80,"column":28}},"24":{"start":{"line":81,"column":2},"end":{"line":81,"column":79}},"25":{"start":{"line":81,"column":66},"end":{"line":81,"column":79}},"26":{"start":{"line":82,"column":2},"end":{"line":82,"column":67}},"27":{"start":{"line":82,"column":54},"end":{"line":82,"column":67}},"28":{"start":{"line":83,"column":2},"end":{"line":83,"column":14}},"29":{"start":{"line":94,"column":16},"end":{"line":94,"column":41}},"30":{"start":{"line":96,"column":2},"end":{"line":96,"column":24}},"31":{"start":{"line":96,"column":17},"end":{"line":96,"column":24}},"32":{"start":{"line":97,"column":2},"end":{"line":108,"column":3}},"33":{"start":{"line":99,"column":6},"end":{"line":99,"column":75}},"34":{"start":{"line":101,"column":6},"end":{"line":101,"column":83}},"35":{"start":{"line":102,"column":19},"end":{"line":102,"column":41}},"36":{"start":{"line":103,"column":17},"end":{"line":103,"column":39}},"37":{"start":{"line":104,"column":20},"end":{"line":104,"column":62}},"38":{"start":{"line":105,"column":4},"end":{"line":105,"column":67}},"39":{"start":{"line":106,"column":4},"end":{"line":106,"column":24}},"40":{"start":{"line":107,"column":4},"end":{"line":107,"column":11}},"41":{"start":{"line":109,"column":2},"end":{"line":111,"column":3}},"42":{"start":{"line":110,"column":4},"end":{"line":110,"column":64}},"43":{"start":{"line":116,"column":32},"end":{"line":116,"column":46}},"44":{"start":{"line":117,"column":32},"end":{"line":117,"column":46}},"45":{"start":{"line":118,"column":28},"end":{"line":118,"column":42}},"46":{"start":{"line":123,"column":43},"end":{"line":129,"column":4}},"47":{"start":{"line":132,"column":2},"end":{"line":157,"column":9}},"48":{"start":{"line":133,"column":20},"end":{"line":133,"column":25}},"49":{"start":{"line":134,"column":4},"end":{"line":153,"column":9}},"50":{"start":{"line":135,"column":6},"end":{"line":152,"column":7}},"51":{"start":{"line":136,"column":20},"end":{"line":136,"column":63}},"52":{"start":{"line":137,"column":8},"end":{"line":147,"column":9}},"53":{"start":{"line":138,"column":25},"end":{"line":138,"column":40}},"54":{"start":{"line":139,"column":10},"end":{"line":146,"column":11}},"55":{"start":{"line":140,"column":12},"end":{"line":140,"column":31}},"56":{"start":{"line":145,"column":12},"end":{"line":145,"column":59}},"57":{"start":{"line":151,"column":8},"end":{"line":151,"column":42}},"58":{"start":{"line":151,"column":24},"end":{"line":151,"column":42}},"59":{"start":{"line":154,"column":4},"end":{"line":156,"column":6}},"60":{"start":{"line":155,"column":6},"end":{"line":155,"column":23}},"61":{"start":{"line":160,"column":2},"end":{"line":163,"column":17}},"62":{"start":{"line":161,"column":4},"end":{"line":161,"column":26}},"63":{"start":{"line":161,"column":19},"end":{"line":161,"column":26}},"64":{"start":{"line":162,"column":4},"end":{"line":162,"column":69}},"65":{"start":{"line":162,"column":56},"end":{"line":162,"column":67}},"66":{"start":{"line":165,"column":17},"end":{"line":178,"column":28}},"67":{"start":{"line":166,"column":4},"end":{"line":166,"column":19}},"68":{"start":{"line":167,"column":4},"end":{"line":177,"column":5}},"69":{"start":{"line":168,"column":6},"end":{"line":168,"column":24}},"70":{"start":{"line":169,"column":6},"end":{"line":172,"column":7}},"71":{"start":{"line":171,"column":8},"end":{"line":171,"column":74}},"72":{"start":{"line":173,"column":6},"end":{"line":173,"column":26}},"73":{"start":{"line":175,"column":6},"end":{"line":175,"column":18}},"74":{"start":{"line":176,"column":6},"end":{"line":176,"column":14}},"75":{"start":{"line":180,"column":18},"end":{"line":183,"column":8}},"76":{"start":{"line":181,"column":4},"end":{"line":181,"column":51}},"77":{"start":{"line":182,"column":4},"end":{"line":182,"column":21}},"78":{"start":{"line":185,"column":16},"end":{"line":195,"column":3}},"79":{"start":{"line":186,"column":11},"end":{"line":193,"column":5}},"80":{"start":{"line":197,"column":2},"end":{"line":197,"column":79}},"81":{"start":{"line":201,"column":2},"end":{"line":201,"column":33}}},"fnMap":{"0":{"name":"(anonymous_0)","decl":{"start":{"line":24,"column":10},"end":{"line":24,"column":11}},"loc":{"start":{"line":24,"column":22},"end":{"line":24,"column":24}},"line":24},"1":{"name":"(anonymous_1)","decl":{"start":{"line":25,"column":11},"end":{"line":25,"column":12}},"loc":{"start":{"line":25,"column":23},"end":{"line":25,"column":25}},"line":25},"2":{"name":"decodeIdToken","decl":{"start":{"line":34,"column":16},"end":{"line":34,"column":29}},"loc":{"start":{"line":34,"column":39},"end":{"line":51,"column":1}},"line":34},"3":{"name":"userFromClaims","decl":{"start":{"line":53,"column":9},"end":{"line":53,"column":23}},"loc":{"start":{"line":53,"column":32},"end":{"line":61,"column":1}},"line":53},"4":{"name":"isSessionStillValid","decl":{"start":{"line":76,"column":16},"end":{"line":76,"column":35}},"loc":{"start":{"line":76,"column":63},"end":{"line":84,"column":1}},"line":76},"5":{"name":"handleAuthResult","decl":{"start":{"line":93,"column":22},"end":{"line":93,"column":38}},"loc":{"start":{"line":93,"column":72},"end":{"line":113,"column":1}},"line":93},"6":{"name":"AuthProvider","decl":{"start":{"line":115,"column":16},"end":{"line":115,"column":28}},"loc":{"start":{"line":115,"column":43},"end":{"line":198,"column":1}},"line":115},"7":{"name":"(anonymous_7)","decl":{"start":{"line":132,"column":12},"end":{"line":132,"column":13}},"loc":{"start":{"line":132,"column":18},"end":{"line":157,"column":3}},"line":132},"8":{"name":"(anonymous_8)","decl":{"start":{"line":134,"column":5},"end":{"line":134,"column":6}},"loc":{"start":{"line":134,"column":17},"end":{"line":153,"column":5}},"line":134},"9":{"name":"(anonymous_9)","decl":{"start":{"line":154,"column":11},"end":{"line":154,"column":12}},"loc":{"start":{"line":154,"column":17},"end":{"line":156,"column":5}},"line":154},"10":{"name":"(anonymous_10)","decl":{"start":{"line":160,"column":12},"end":{"line":160,"column":13}},"loc":{"start":{"line":160,"column":18},"end":{"line":163,"column":3}},"line":160},"11":{"name":"(anonymous_11)","decl":{"start":{"line":162,"column":49},"end":{"line":162,"column":50}},"loc":{"start":{"line":162,"column":56},"end":{"line":162,"column":67}},"line":162},"12":{"name":"(anonymous_12)","decl":{"start":{"line":165,"column":29},"end":{"line":165,"column":30}},"loc":{"start":{"line":165,"column":41},"end":{"line":178,"column":3}},"line":165},"13":{"name":"(anonymous_13)","decl":{"start":{"line":180,"column":30},"end":{"line":180,"column":31}},"loc":{"start":{"line":180,"column":42},"end":{"line":183,"column":3}},"line":180},"14":{"name":"(anonymous_14)","decl":{"start":{"line":186,"column":4},"end":{"line":186,"column":5}},"loc":{"start":{"line":186,"column":11},"end":{"line":193,"column":5}},"line":186},"15":{"name":"useAuth","decl":{"start":{"line":200,"column":16},"end":{"line":200,"column":23}},"loc":{"start":{"line":200,"column":26},"end":{"line":202,"column":1}},"line":200}},"branchMap":{"0":{"loc":{"start":{"line":35,"column":2},"end":{"line":35,"column":47}},"type":"if","locations":[{"start":{"line":35,"column":2},"end":{"line":35,"column":47}},{"start":{},"end":{}}],"line":35},"1":{"loc":{"start":{"line":37,"column":2},"end":{"line":37,"column":38}},"type":"if","locations":[{"start":{"line":37,"column":2},"end":{"line":37,"column":38}},{"start":{},"end":{}}],"line":37},"2":{"loc":{"start":{"line":44,"column":6},"end":{"line":46,"column":56}},"type":"cond-expr","locations":[{"start":{"line":45,"column":10},"end":{"line":45,"column":22}},{"start":{"line":46,"column":10},"end":{"line":46,"column":56}}],"line":44},"3":{"loc":{"start":{"line":54,"column":2},"end":{"line":54,"column":27}},"type":"if","locations":[{"start":{"line":54,"column":2},"end":{"line":54,"column":27}},{"start":{},"end":{}}],"line":54},"4":{"loc":{"start":{"line":56,"column":11},"end":{"line":56,"column":31}},"type":"binary-expr","locations":[{"start":{"line":56,"column":11},"end":{"line":56,"column":23}},{"start":{"line":56,"column":27},"end":{"line":56,"column":31}}],"line":56},"5":{"loc":{"start":{"line":57,"column":10},"end":{"line":57,"column":29}},"type":"binary-expr","locations":[{"start":{"line":57,"column":10},"end":{"line":57,"column":21}},{"start":{"line":57,"column":25},"end":{"line":57,"column":29}}],"line":57},"6":{"loc":{"start":{"line":58,"column":13},"end":{"line":58,"column":35}},"type":"binary-expr","locations":[{"start":{"line":58,"column":13},"end":{"line":58,"column":27}},{"start":{"line":58,"column":31},"end":{"line":58,"column":35}}],"line":58},"7":{"loc":{"start":{"line":59,"column":9},"end":{"line":59,"column":27}},"type":"binary-expr","locations":[{"start":{"line":59,"column":9},"end":{"line":59,"column":19}},{"start":{"line":59,"column":23},"end":{"line":59,"column":27}}],"line":59},"8":{"loc":{"start":{"line":76,"column":45},"end":{"line":76,"column":61}},"type":"default-arg","locations":[{"start":{"line":76,"column":51},"end":{"line":76,"column":61}}],"line":76},"9":{"loc":{"start":{"line":78,"column":2},"end":{"line":78,"column":29}},"type":"if","locations":[{"start":{"line":78,"column":2},"end":{"line":78,"column":29}},{"start":{},"end":{}}],"line":78},"10":{"loc":{"start":{"line":80,"column":2},"end":{"line":80,"column":28}},"type":"if","locations":[{"start":{"line":80,"column":2},"end":{"line":80,"column":28}},{"start":{},"end":{}}],"line":80},"11":{"loc":{"start":{"line":81,"column":2},"end":{"line":81,"column":79}},"type":"if","locations":[{"start":{"line":81,"column":2},"end":{"line":81,"column":79}},{"start":{},"end":{}}],"line":81},"12":{"loc":{"start":{"line":81,"column":6},"end":{"line":81,"column":64}},"type":"binary-expr","locations":[{"start":{"line":81,"column":6},"end":{"line":81,"column":36}},{"start":{"line":81,"column":40},"end":{"line":81,"column":64}}],"line":81},"13":{"loc":{"start":{"line":82,"column":2},"end":{"line":82,"column":67}},"type":"if","locations":[{"start":{"line":82,"column":2},"end":{"line":82,"column":67}},{"start":{},"end":{}}],"line":82},"14":{"loc":{"start":{"line":82,"column":6},"end":{"line":82,"column":52}},"type":"binary-expr","locations":[{"start":{"line":82,"column":6},"end":{"line":82,"column":16}},{"start":{"line":82,"column":20},"end":{"line":82,"column":52}}],"line":82},"15":{"loc":{"start":{"line":93,"column":61},"end":{"line":93,"column":70}},"type":"default-arg","locations":[{"start":{"line":93,"column":68},"end":{"line":93,"column":70}}],"line":93},"16":{"loc":{"start":{"line":94,"column":16},"end":{"line":94,"column":41}},"type":"binary-expr","locations":[{"start":{"line":94,"column":16},"end":{"line":94,"column":26}},{"start":{"line":94,"column":30},"end":{"line":94,"column":41}}],"line":94},"17":{"loc":{"start":{"line":96,"column":2},"end":{"line":96,"column":24}},"type":"if","locations":[{"start":{"line":96,"column":2},"end":{"line":96,"column":24}},{"start":{},"end":{}}],"line":96},"18":{"loc":{"start":{"line":97,"column":2},"end":{"line":108,"column":3}},"type":"if","locations":[{"start":{"line":97,"column":2},"end":{"line":108,"column":3}},{"start":{},"end":{}}],"line":97},"19":{"loc":{"start":{"line":99,"column":6},"end":{"line":99,"column":75}},"type":"binary-expr","locations":[{"start":{"line":99,"column":6},"end":{"line":99,"column":31}},{"start":{"line":99,"column":35},"end":{"line":99,"column":67}},{"start":{"line":99,"column":71},"end":{"line":99,"column":75}}],"line":99},"20":{"loc":{"start":{"line":101,"column":6},"end":{"line":101,"column":83}},"type":"binary-expr","locations":[{"start":{"line":101,"column":6},"end":{"line":101,"column":42}},{"start":{"line":101,"column":46},"end":{"line":101,"column":75}},{"start":{"line":101,"column":79},"end":{"line":101,"column":83}}],"line":101},"21":{"loc":{"start":{"line":109,"column":2},"end":{"line":111,"column":3}},"type":"if","locations":[{"start":{"line":109,"column":2},"end":{"line":111,"column":3}},{"start":{},"end":{}}],"line":109},"22":{"loc":{"start":{"line":110,"column":10},"end":{"line":110,"column":63}},"type":"binary-expr","locations":[{"start":{"line":110,"column":10},"end":{"line":110,"column":24}},{"start":{"line":110,"column":28},"end":{"line":110,"column":63}}],"line":110},"23":{"loc":{"start":{"line":137,"column":8},"end":{"line":147,"column":9}},"type":"if","locations":[{"start":{"line":137,"column":8},"end":{"line":147,"column":9}},{"start":{},"end":{}}],"line":137},"24":{"loc":{"start":{"line":137,"column":12},"end":{"line":137,"column":29}},"type":"binary-expr","locations":[{"start":{"line":137,"column":12},"end":{"line":137,"column":22}},{"start":{"line":137,"column":26},"end":{"line":137,"column":29}}],"line":137},"25":{"loc":{"start":{"line":139,"column":10},"end":{"line":146,"column":11}},"type":"if","locations":[{"start":{"line":139,"column":10},"end":{"line":146,"column":11}},{"start":{"line":141,"column":17},"end":{"line":146,"column":11}}],"line":139},"26":{"loc":{"start":{"line":151,"column":8},"end":{"line":151,"column":42}},"type":"if","locations":[{"start":{"line":151,"column":8},"end":{"line":151,"column":42}},{"start":{},"end":{}}],"line":151},"27":{"loc":{"start":{"line":161,"column":4},"end":{"line":161,"column":26}},"type":"if","locations":[{"start":{"line":161,"column":4},"end":{"line":161,"column":26}},{"start":{},"end":{}}],"line":161},"28":{"loc":{"start":{"line":169,"column":6},"end":{"line":172,"column":7}},"type":"if","locations":[{"start":{"line":169,"column":6},"end":{"line":172,"column":7}},{"start":{},"end":{}}],"line":169},"29":{"loc":{"start":{"line":187,"column":12},"end":{"line":187,"column":33}},"type":"binary-expr","locations":[{"start":{"line":187,"column":12},"end":{"line":187,"column":25}},{"start":{"line":187,"column":29},"end":{"line":187,"column":33}}],"line":187},"30":{"loc":{"start":{"line":188,"column":14},"end":{"line":188,"column":37}},"type":"binary-expr","locations":[{"start":{"line":188,"column":14},"end":{"line":188,"column":29}},{"start":{"line":188,"column":33},"end":{"line":188,"column":37}}],"line":188}},"s":{"0":1,"1":1,"2":1,"3":8,"4":1,"5":7,"6":7,"7":1,"8":6,"9":6,"10":6,"11":6,"12":5,"13":1,"14":2,"15":0,"16":2,"17":1,"18":2,"19":2,"20":0,"21":2,"22":2,"23":0,"24":2,"25":0,"26":2,"27":0,"28":2,"29":4,"30":4,"31":0,"32":4,"33":2,"34":2,"35":2,"36":2,"37":2,"38":2,"39":2,"40":2,"41":2,"42":1,"43":9,"44":9,"45":9,"46":9,"47":9,"48":3,"49":3,"50":3,"51":3,"52":3,"53":2,"54":2,"55":2,"56":0,"57":3,"58":3,"59":3,"60":3,"61":9,"62":3,"63":3,"64":0,"65":0,"66":9,"67":0,"68":0,"69":0,"70":0,"71":0,"72":0,"73":0,"74":0,"75":9,"76":1,"77":1,"78":9,"79":9,"80":9,"81":9},"f":{"0":0,"1":0,"2":8,"3":2,"4":2,"5":4,"6":9,"7":3,"8":3,"9":3,"10":3,"11":0,"12":0,"13":1,"14":9,"15":9},"b":{"0":[1,7],"1":[1,6],"2":[6,0],"3":[0,2],"4":[2,0],"5":[2,0],"6":[2,0],"7":[2,0],"8":[2],"9":[0,2],"10":[0,2],"11":[0,2],"12":[2,2],"13":[0,2],"14":[2,2],"15":[4],"16":[4,4],"17":[0,4],"18":[2,2],"19":[2,0,0],"20":[2,0,0],"21":[1,1],"22":[1,0],"23":[2,1],"24":[3,3],"25":[2,0],"26":[3,0],"27":[3,0],"28":[0,0],"29":[9,5],"30":[9,5]},"_coverageSchema":"1a1c01bbd47fc00a2c39e90264f33305004495a9","hash":"0d74882ff50b43669c4b3ff3ca40a54986aa7413"}
,"/Users/ren/IdeaProjects/starter-series/react-native-starter/lib/env.js": {"path":"/Users/ren/IdeaProjects/starter-series/react-native-starter/lib/env.js","statementMap":{"0":{"start":{"line":7,"column":12},"end":{"line":7,"column":56}},"1":{"start":{"line":8,"column":12},"end":{"line":8,"column":56}},"2":{"start":{"line":9,"column":16},"end":{"line":9,"column":64}},"3":{"start":{"line":11,"column":31},"end":{"line":15,"column":1}},"4":{"start":{"line":23,"column":2},"end":{"line":29,"column":3}},"5":{"start":{"line":24,"column":4},"end":{"line":28,"column":6}}},"fnMap":{"0":{"name":"assertGoogleEnv","decl":{"start":{"line":22,"column":16},"end":{"line":22,"column":31}},"loc":{"start":{"line":22,"column":34},"end":{"line":30,"column":1}},"line":22}},"branchMap":{"0":{"loc":{"start":{"line":23,"column":2},"end":{"line":29,"column":3}},"type":"if","locations":[{"start":{"line":23,"column":2},"end":{"line":29,"column":3}},{"start":{},"end":{}}],"line":23}},"s":{"0":1,"1":1,"2":1,"3":1,"4":0,"5":0},"f":{"0":0},"b":{"0":[0,0]},"_coverageSchema":"1a1c01bbd47fc00a2c39e90264f33305004495a9","hash":"e7074b3074143f99cfa47c9de7a05562862e3678"}
}
