{"/Users/ren/IdeaProjects/starter-series/react-native-starter/app/(app)/about.js": {"path":"/Users/ren/IdeaProjects/starter-series/react-native-starter/app/(app)/about.js","statementMap":{"0":{"start":{"line":4,"column":2},"end":{"line":14,"column":4}},"1":{"start":{"line":17,"column":15},"end":{"line":37,"column":2}}},"fnMap":{"0":{"name":"AboutScreen","decl":{"start":{"line":3,"column":24},"end":{"line":3,"column":35}},"loc":{"start":{"line":3,"column":38},"end":{"line":15,"column":1}},"line":3}},"branchMap":{},"s":{"0":1,"1":1},"f":{"0":1},"b":{},"_coverageSchema":"1a1c01bbd47fc00a2c39e90264f33305004495a9","hash":"87a05c106167e5e18ee490f9a49790fb575f0596"}
,"/Users/ren/IdeaProjects/starter-series/react-native-starter/app/(app)/index.js": {"path":"/Users/ren/IdeaProjects/starter-series/react-native-starter/app/(app)/index.js","statementMap":{"0":{"start":{"line":6,"column":19},"end":{"line":6,"column":28}},"1":{"start":{"line":8,"column":2},"end":{"line":30,"column":4}},"2":{"start":{"line":33,"column":15},"end":{"line":81,"column":2}}},"fnMap":{"0":{"name":"HomeScreen","decl":{"start":{"line":5,"column":24},"end":{"line":5,"column":34}},"loc":{"start":{"line":5,"column":37},"end":{"line":31,"column":1}},"line":5}},"branchMap":{"0":{"loc":{"start":{"line":12,"column":9},"end":{"line":12,"column":56}},"type":"cond-expr","locations":[{"start":{"line":12,"column":22},"end":{"line":12,"column":40}},{"start":{"line":12,"column":43},"end":{"line":12,"column":56}}],"line":12}},"s":{"0":1,"1":1,"2":1},"f":{"0":1},"b":{"0":[1,0]},"_coverageSchema":"1a1c01bbd47fc00a2c39e90264f33305004495a9","hash":"358ba6505732e64e8def0a2ef5b11536d4093c64"}
,"/Users/ren/IdeaProjects/starter-series/react-native-starter/app/(app)/profile.js": {"path":"/Users/ren/IdeaProjects/starter-series/react-native-starter/app/(app)/profile.js","statementMap":{"0":{"start":{"line":5,"column":28},"end":{"line":5,"column":37}},"1":{"start":{"line":7,"column":2},"end":{"line":20,"column":4}},"2":{"start":{"line":23,"column":15},"end":{"line":62,"column":2}}},"fnMap":{"0":{"name":"ProfileScreen","decl":{"start":{"line":4,"column":24},"end":{"line":4,"column":37}},"loc":{"start":{"line":4,"column":40},"end":{"line":21,"column":1}},"line":4}},"branchMap":{"0":{"loc":{"start":{"line":9,"column":7},"end":{"line":13,"column":7}},"type":"cond-expr","locations":[{"start":{"line":10,"column":8},"end":{"line":10,"column":70}},{"start":{"line":12,"column":8},"end":{"line":12,"column":63}}],"line":9},"1":{"loc":{"start":{"line":14,"column":33},"end":{"line":14,"column":58}},"type":"binary-expr","locations":[{"start":{"line":14,"column":33},"end":{"line":14,"column":43}},{"start":{"line":14,"column":47},"end":{"line":14,"column":58}}],"line":14},"2":{"loc":{"start":{"line":15,"column":7},"end":{"line":15,"column":74}},"type":"cond-expr","locations":[{"start":{"line":15,"column":21},"end":{"line":15,"column":67}},{"start":{"line":15,"column":70},"end":{"line":15,"column":74}}],"line":15}},"s":{"0":1,"1":1,"2":1},"f":{"0":1},"b":{"0":[0,1],"1":[1,0],"2":[1,0]},"_coverageSchema":"1a1c01bbd47fc00a2c39e90264f33305004495a9","hash":"d735e630ff221541a838ffed43ac995105c03e8c"}
,"/Users/ren/IdeaProjects/starter-series/react-native-starter/lib/auth-context.js": {"path":"/Users/ren/IdeaProjects/starter-series/react-native-starter/lib/auth-context.js","statementMap":{"0":{"start":{"line":16,"column":0},"end":{"line":16,"column":38}},"1":{"start":{"line":18,"column":27},"end":{"line":18,"column":44}},"2":{"start":{"line":20,"column":20},"end":{"line":26,"column":2}},"3":{"start":{"line":35,"column":2},"end":{"line":35,"column":47}},"4":{"start":{"line":35,"column":35},"end":{"line":35,"column":47}},"5":{"start":{"line":36,"column":16},"end":{"line":36,"column":34}},"6":{"start":{"line":37,"column":2},"end":{"line":37,"column":38}},"7":{"start":{"line":37,"column":26},"end":{"line":37,"column":38}},"8":{"start":{"line":38,"column":2},"end":{"line":50,"column":3}},"9":{"start":{"line":40,"column":16},"end":{"line":40,"column":62}},"10":{"start":{"line":41,"column":19},"end":{"line":41,"column":63}},"11":{"start":{"line":44,"column":6},"end":{"line":46,"column":56}},"12":{"start":{"line":47,"column":4},"end":{"line":47,"column":28}},"13":{"start":{"line":49,"column":4},"end":{"line":49,"column":16}},"14":{"start":{"line":54,"column":2},"end":{"line":54,"column":27}},"15":{"start":{"line":54,"column":15},"end":{"line":54,"column":27}},"16":{"start":{"line":55,"column":2},"end":{"line":60,"column":4}},"17":{"start":{"line":71,"column":16},"end":{"line":71,"column":41}},"18":{"start":{"line":73,"column":2},"end":{"line":73,"column":24}},"19":{"start":{"line":73,"column":17},"end":{"line":73,"column":24}},"20":{"start":{"line":74,"column":2},"end":{"line":85,"column":3}},"21":{"start":{"line":76,"column":6},"end":{"line":76,"column":75}},"22":{"start":{"line":78,"column":6},"end":{"line":78,"column":83}},"23":{"start":{"line":79,"column":19},"end":{"line":79,"column":41}},"24":{"start":{"line":80,"column":17},"end":{"line":80,"column":39}},"25":{"start":{"line":81,"column":20},"end":{"line":81,"column":62}},"26":{"start":{"line":82,"column":4},"end":{"line":82,"column":67}},"27":{"start":{"line":83,"column":4},"end":{"line":83,"column":24}},"28":{"start":{"line":84,"column":4},"end":{"line":84,"column":11}},"29":{"start":{"line":86,"column":2},"end":{"line":88,"column":3}},"30":{"start":{"line":87,"column":4},"end":{"line":87,"column":64}},"31":{"start":{"line":93,"column":32},"end":{"line":93,"column":46}},"32":{"start":{"line":94,"column":32},"end":{"line":94,"column":46}},"33":{"start":{"line":95,"column":28},"end":{"line":95,"column":42}},"34":{"start":{"line":100,"column":43},"end":{"line":106,"column":4}},"35":{"start":{"line":109,"column":2},"end":{"line":124,"column":9}},"36":{"start":{"line":110,"column":20},"end":{"line":110,"column":25}},"37":{"start":{"line":111,"column":4},"end":{"line":120,"column":9}},"38":{"start":{"line":112,"column":6},"end":{"line":119,"column":7}},"39":{"start":{"line":113,"column":20},"end":{"line":113,"column":63}},"40":{"start":{"line":114,"column":8},"end":{"line":114,"column":59}},"41":{"start":{"line":114,"column":31},"end":{"line":114,"column":59}},"42":{"start":{"line":118,"column":8},"end":{"line":118,"column":42}},"43":{"start":{"line":118,"column":24},"end":{"line":118,"column":42}},"44":{"start":{"line":121,"column":4},"end":{"line":123,"column":6}},"45":{"start":{"line":122,"column":6},"end":{"line":122,"column":23}},"46":{"start":{"line":127,"column":2},"end":{"line":130,"column":17}},"47":{"start":{"line":128,"column":4},"end":{"line":128,"column":26}},"48":{"start":{"line":128,"column":19},"end":{"line":128,"column":26}},"49":{"start":{"line":129,"column":4},"end":{"line":129,"column":69}},"50":{"start":{"line":129,"column":56},"end":{"line":129,"column":67}},"51":{"start":{"line":132,"column":17},"end":{"line":145,"column":28}},"52":{"start":{"line":133,"column":4},"end":{"line":133,"column":19}},"53":{"start":{"line":134,"column":4},"end":{"line":144,"column":5}},"54":{"start":{"line":135,"column":6},"end":{"line":135,"column":24}},"55":{"start":{"line":136,"column":6},"end":{"line":139,"column":7}},"56":{"start":{"line":138,"column":8},"end":{"line":138,"column":74}},"57":{"start":{"line":140,"column":6},"end":{"line":140,"column":26}},"58":{"start":{"line":142,"column":6},"end":{"line":142,"column":18}},"59":{"start":{"line":143,"column":6},"end":{"line":143,"column":14}},"60":{"start":{"line":147,"column":18},"end":{"line":150,"column":8}},"61":{"start":{"line":148,"column":4},"end":{"line":148,"column":51}},"62":{"start":{"line":149,"column":4},"end":{"line":149,"column":21}},"63":{"start":{"line":152,"column":16},"end":{"line":162,"column":3}},"64":{"start":{"line":153,"column":11},"end":{"line":160,"column":5}},"65":{"start":{"line":164,"column":2},"end":{"line":164,"column":79}},"66":{"start":{"line":168,"column":2},"end":{"line":168,"column":33}}},"fnMap":{"0":{"name":"(anonymous_0)","decl":{"start":{"line":24,"column":10},"end":{"line":24,"column":11}},"loc":{"start":{"line":24,"column":22},"end":{"line":24,"column":24}},"line":24},"1":{"name":"(anonymous_1)","decl":{"start":{"line":25,"column":11},"end":{"line":25,"column":12}},"loc":{"start":{"line":25,"column":23},"end":{"line":25,"column":25}},"line":25},"2":{"name":"decodeIdToken","decl":{"start":{"line":34,"column":16},"end":{"line":34,"column":29}},"loc":{"start":{"line":34,"column":39},"end":{"line":51,"column":1}},"line":34},"3":{"name":"userFromClaims","decl":{"start":{"line":53,"column":9},"end":{"line":53,"column":23}},"loc":{"start":{"line":53,"column":32},"end":{"line":61,"column":1}},"line":53},"4":{"name":"handleAuthResult","decl":{"start":{"line":70,"column":22},"end":{"line":70,"column":38}},"loc":{"start":{"line":70,"column":72},"end":{"line":90,"column":1}},"line":70},"5":{"name":"AuthProvider","decl":{"start":{"line":92,"column":16},"end":{"line":92,"column":28}},"loc":{"start":{"line":92,"column":43},"end":{"line":165,"column":1}},"line":92},"6":{"name":"(anonymous_6)","decl":{"start":{"line":109,"column":12},"end":{"line":109,"column":13}},"loc":{"start":{"line":109,"column":18},"end":{"line":124,"column":3}},"line":109},"7":{"name":"(anonymous_7)","decl":{"start":{"line":111,"column":5},"end":{"line":111,"column":6}},"loc":{"start":{"line":111,"column":17},"end":{"line":120,"column":5}},"line":111},"8":{"name":"(anonymous_8)","decl":{"start":{"line":121,"column":11},"end":{"line":121,"column":12}},"loc":{"start":{"line":121,"column":17},"end":{"line":123,"column":5}},"line":121},"9":{"name":"(anonymous_9)","decl":{"start":{"line":127,"column":12},"end":{"line":127,"column":13}},"loc":{"start":{"line":127,"column":18},"end":{"line":130,"column":3}},"line":127},"10":{"name":"(anonymous_10)","decl":{"start":{"line":129,"column":49},"end":{"line":129,"column":50}},"loc":{"start":{"line":129,"column":56},"end":{"line":129,"column":67}},"line":129},"11":{"name":"(anonymous_11)","decl":{"start":{"line":132,"column":29},"end":{"line":132,"column":30}},"loc":{"start":{"line":132,"column":41},"end":{"line":145,"column":3}},"line":132},"12":{"name":"(anonymous_12)","decl":{"start":{"line":147,"column":30},"end":{"line":147,"column":31}},"loc":{"start":{"line":147,"column":42},"end":{"line":150,"column":3}},"line":147},"13":{"name":"(anonymous_13)","decl":{"start":{"line":153,"column":4},"end":{"line":153,"column":5}},"loc":{"start":{"line":153,"column":11},"end":{"line":160,"column":5}},"line":153},"14":{"name":"useAuth","decl":{"start":{"line":167,"column":16},"end":{"line":167,"column":23}},"loc":{"start":{"line":167,"column":26},"end":{"line":169,"column":1}},"line":167}},"branchMap":{"0":{"loc":{"start":{"line":35,"column":2},"end":{"line":35,"column":47}},"type":"if","locations":[{"start":{"line":35,"column":2},"end":{"line":35,"column":47}},{"start":{},"end":{}}],"line":35},"1":{"loc":{"start":{"line":37,"column":2},"end":{"line":37,"column":38}},"type":"if","locations":[{"start":{"line":37,"column":2},"end":{"line":37,"column":38}},{"start":{},"end":{}}],"line":37},"2":{"loc":{"start":{"line":44,"column":6},"end":{"line":46,"column":56}},"type":"cond-expr","locations":[{"start":{"line":45,"column":10},"end":{"line":45,"column":22}},{"start":{"line":46,"column":10},"end":{"line":46,"column":56}}],"line":44},"3":{"loc":{"start":{"line":54,"column":2},"end":{"line":54,"column":27}},"type":"if","locations":[{"start":{"line":54,"column":2},"end":{"line":54,"column":27}},{"start":{},"end":{}}],"line":54},"4":{"loc":{"start":{"line":56,"column":11},"end":{"line":56,"column":31}},"type":"binary-expr","locations":[{"start":{"line":56,"column":11},"end":{"line":56,"column":23}},{"start":{"line":56,"column":27},"end":{"line":56,"column":31}}],"line":56},"5":{"loc":{"start":{"line":57,"column":10},"end":{"line":57,"column":29}},"type":"binary-expr","locations":[{"start":{"line":57,"column":10},"end":{"line":57,"column":21}},{"start":{"line":57,"column":25},"end":{"line":57,"column":29}}],"line":57},"6":{"loc":{"start":{"line":58,"column":13},"end":{"line":58,"column":35}},"type":"binary-expr","locations":[{"start":{"line":58,"column":13},"end":{"line":58,"column":27}},{"start":{"line":58,"column":31},"end":{"line":58,"column":35}}],"line":58},"7":{"loc":{"start":{"line":59,"column":9},"end":{"line":59,"column":27}},"type":"binary-expr","locations":[{"start":{"line":59,"column":9},"end":{"line":59,"column":19}},{"start":{"line":59,"column":23},"end":{"line":59,"column":27}}],"line":59},"8":{"loc":{"start":{"line":70,"column":61},"end":{"line":70,"column":70}},"type":"default-arg","locations":[{"start":{"line":70,"column":68},"end":{"line":70,"column":70}}],"line":70},"9":{"loc":{"start":{"line":71,"column":16},"end":{"line":71,"column":41}},"type":"binary-expr","locations":[{"start":{"line":71,"column":16},"end":{"line":71,"column":26}},{"start":{"line":71,"column":30},"end":{"line":71,"column":41}}],"line":71},"10":{"loc":{"start":{"line":73,"column":2},"end":{"line":73,"column":24}},"type":"if","locations":[{"start":{"line":73,"column":2},"end":{"line":73,"column":24}},{"start":{},"end":{}}],"line":73},"11":{"loc":{"start":{"line":74,"column":2},"end":{"line":85,"column":3}},"type":"if","locations":[{"start":{"line":74,"column":2},"end":{"line":85,"column":3}},{"start":{},"end":{}}],"line":74},"12":{"loc":{"start":{"line":76,"column":6},"end":{"line":76,"column":75}},"type":"binary-expr","locations":[{"start":{"line":76,"column":6},"end":{"line":76,"column":31}},{"start":{"line":76,"column":35},"end":{"line":76,"column":67}},{"start":{"line":76,"column":71},"end":{"line":76,"column":75}}],"line":76},"13":{"loc":{"start":{"line":78,"column":6},"end":{"line":78,"column":83}},"type":"binary-expr","locations":[{"start":{"line":78,"column":6},"end":{"line":78,"column":42}},{"start":{"line":78,"column":46},"end":{"line":78,"column":75}},{"start":{"line":78,"column":79},"end":{"line":78,"column":83}}],"line":78},"14":{"loc":{"start":{"line":86,"column":2},"end":{"line":88,"column":3}},"type":"if","locations":[{"start":{"line":86,"column":2},"end":{"line":88,"column":3}},{"start":{},"end":{}}],"line":86},"15":{"loc":{"start":{"line":87,"column":10},"end":{"line":87,"column":63}},"type":"binary-expr","locations":[{"start":{"line":87,"column":10},"end":{"line":87,"column":24}},{"start":{"line":87,"column":28},"end":{"line":87,"column":63}}],"line":87},"16":{"loc":{"start":{"line":114,"column":8},"end":{"line":114,"column":59}},"type":"if","locations":[{"start":{"line":114,"column":8},"end":{"line":114,"column":59}},{"start":{},"end":{}}],"line":114},"17":{"loc":{"start":{"line":114,"column":12},"end":{"line":114,"column":29}},"type":"binary-expr","locations":[{"start":{"line":114,"column":12},"end":{"line":114,"column":22}},{"start":{"line":114,"column":26},"end":{"line":114,"column":29}}],"line":114},"18":{"loc":{"start":{"line":118,"column":8},"end":{"line":118,"column":42}},"type":"if","locations":[{"start":{"line":118,"column":8},"end":{"line":118,"column":42}},{"start":{},"end":{}}],"line":118},"19":{"loc":{"start":{"line":128,"column":4},"end":{"line":128,"column":26}},"type":"if","locations":[{"start":{"line":128,"column":4},"end":{"line":128,"column":26}},{"start":{},"end":{}}],"line":128},"20":{"loc":{"start":{"line":136,"column":6},"end":{"line":139,"column":7}},"type":"if","locations":[{"start":{"line":136,"column":6},"end":{"line":139,"column":7}},{"start":{},"end":{}}],"line":136},"21":{"loc":{"start":{"line":154,"column":12},"end":{"line":154,"column":33}},"type":"binary-expr","locations":[{"start":{"line":154,"column":12},"end":{"line":154,"column":25}},{"start":{"line":154,"column":29},"end":{"line":154,"column":33}}],"line":154},"22":{"loc":{"start":{"line":155,"column":14},"end":{"line":155,"column":37}},"type":"binary-expr","locations":[{"start":{"line":155,"column":14},"end":{"line":155,"column":29}},{"start":{"line":155,"column":33},"end":{"line":155,"column":37}}],"line":155}},"s":{"0":1,"1":1,"2":1,"3":6,"4":1,"5":5,"6":5,"7":1,"8":4,"9":4,"10":4,"11":4,"12":3,"13":1,"14":2,"15":0,"16":2,"17":4,"18":4,"19":0,"20":4,"21":2,"22":2,"23":2,"24":2,"25":2,"26":2,"27":2,"28":2,"29":2,"30":1,"31":9,"32":9,"33":9,"34":9,"35":9,"36":3,"37":3,"38":3,"39":3,"40":3,"41":2,"42":3,"43":3,"44":3,"45":3,"46":9,"47":3,"48":3,"49":0,"50":0,"51":9,"52":0,"53":0,"54":0,"55":0,"56":0,"57":0,"58":0,"59":0,"60":9,"61":1,"62":1,"63":9,"64":9,"65":9,"66":9},"f":{"0":0,"1":0,"2":6,"3":2,"4":4,"5":9,"6":3,"7":3,"8":3,"9":3,"10":0,"11":0,"12":1,"13":9,"14":9},"b":{"0":[1,5],"1":[1,4],"2":[4,0],"3":[0,2],"4":[2,0],"5":[2,0],"6":[2,0],"7":[2,0],"8":[4],"9":[4,4],"10":[0,4],"11":[2,2],"12":[2,0,0],"13":[2,0,0],"14":[1,1],"15":[1,0],"16":[2,1],"17":[3,3],"18":[3,0],"19":[3,0],"20":[0,0],"21":[9,5],"22":[9,5]},"_coverageSchema":"1a1c01bbd47fc00a2c39e90264f33305004495a9","hash":"ea840a202f0bef3e24e27274b95177623bade63e"}
,"/Users/ren/IdeaProjects/starter-series/react-native-starter/lib/env.js": {"path":"/Users/ren/IdeaProjects/starter-series/react-native-starter/lib/env.js","statementMap":{"0":{"start":{"line":7,"column":12},"end":{"line":7,"column":56}},"1":{"start":{"line":8,"column":12},"end":{"line":8,"column":56}},"2":{"start":{"line":9,"column":16},"end":{"line":9,"column":64}},"3":{"start":{"line":11,"column":31},"end":{"line":15,"column":1}},"4":{"start":{"line":23,"column":2},"end":{"line":29,"column":3}},"5":{"start":{"line":24,"column":4},"end":{"line":28,"column":6}}},"fnMap":{"0":{"name":"assertGoogleEnv","decl":{"start":{"line":22,"column":16},"end":{"line":22,"column":31}},"loc":{"start":{"line":22,"column":34},"end":{"line":30,"column":1}},"line":22}},"branchMap":{"0":{"loc":{"start":{"line":23,"column":2},"end":{"line":29,"column":3}},"type":"if","locations":[{"start":{"line":23,"column":2},"end":{"line":29,"column":3}},{"start":{},"end":{}}],"line":23}},"s":{"0":1,"1":1,"2":1,"3":1,"4":0,"5":0},"f":{"0":0},"b":{"0":[0,0]},"_coverageSchema":"1a1c01bbd47fc00a2c39e90264f33305004495a9","hash":"e7074b3074143f99cfa47c9de7a05562862e3678"}
}
