TN:
SF:app/(app)/about.js
FN:3,AboutScreen
FNF:1
FNH:1
FNDA:1,AboutScreen
DA:4,1
DA:17,1
LF:2
LH:2
BRF:0
BRH:0
end_of_record
TN:
SF:app/(app)/index.js
FN:5,HomeScreen
FNF:1
FNH:1
FNDA:1,HomeScreen
DA:6,1
DA:8,1
DA:33,1
LF:3
LH:3
BRDA:12,0,0,1
BRDA:12,0,1,0
BRF:2
BRH:1
end_of_record
TN:
SF:app/(app)/profile.js
FN:4,ProfileScreen
FNF:1
FNH:1
FNDA:1,ProfileScreen
DA:5,1
DA:7,1
DA:23,1
LF:3
LH:3
BRDA:9,0,0,0
BRDA:9,0,1,1
BRDA:14,1,0,1
BRDA:14,1,1,0
BRDA:15,2,0,1
BRDA:15,2,1,0
BRF:6
BRH:3
end_of_record
TN:
SF:lib/auth-context.js
FN:24,(anonymous_0)
FN:25,(anonymous_1)
FN:34,decodeIdToken
FN:53,userFromClaims
FN:70,handleAuthResult
FN:92,AuthProvider
FN:109,(anonymous_6)
FN:111,(anonymous_7)
FN:121,(anonymous_8)
FN:127,(anonymous_9)
FN:129,(anonymous_10)
FN:132,(anonymous_11)
FN:147,(anonymous_12)
FN:153,(anonymous_13)
FN:167,useAuth
FNF:15
FNH:11
FNDA:0,(anonymous_0)
FNDA:0,(anonymous_1)
FNDA:6,decodeIdToken
FNDA:2,userFromClaims
FNDA:4,handleAuthResult
FNDA:9,AuthProvider
FNDA:3,(anonymous_6)
FNDA:3,(anonymous_7)
FNDA:3,(anonymous_8)
FNDA:3,(anonymous_9)
FNDA:0,(anonymous_10)
FNDA:0,(anonymous_11)
FNDA:1,(anonymous_12)
FNDA:9,(anonymous_13)
FNDA:9,useAuth
DA:16,1
DA:18,1
DA:20,1
DA:35,6
DA:36,5
DA:37,5
DA:38,4
DA:40,4
DA:41,4
DA:44,4
DA:47,3
DA:49,1
DA:54,2
DA:55,2
DA:71,4
DA:73,4
DA:74,4
DA:76,2
DA:78,2
DA:79,2
DA:80,2
DA:81,2
DA:82,2
DA:83,2
DA:84,2
DA:86,2
DA:87,1
DA:93,9
DA:94,9
DA:95,9
DA:100,9
DA:109,9
DA:110,3
DA:111,3
DA:112,3
DA:113,3
DA:114,3
DA:118,3
DA:121,3
DA:122,3
DA:127,9
DA:128,3
DA:129,0
DA:132,9
DA:133,0
DA:134,0
DA:135,0
DA:136,0
DA:138,0
DA:140,0
DA:142,0
DA:143,0
DA:147,9
DA:148,1
DA:149,1
DA:152,9
DA:153,9
DA:164,9
DA:168,9
LF:59
LH:50
BRDA:35,0,0,1
BRDA:35,0,1,5
BRDA:37,1,0,1
BRDA:37,1,1,4
BRDA:44,2,0,4
BRDA:44,2,1,0
BRDA:54,3,0,0
BRDA:54,3,1,2
BRDA:56,4,0,2
BRDA:56,4,1,0
BRDA:57,5,0,2
BRDA:57,5,1,0
BRDA:58,6,0,2
BRDA:58,6,1,0
BRDA:59,7,0,2
BRDA:59,7,1,0
BRDA:70,8,0,4
BRDA:71,9,0,4
BRDA:71,9,1,4
BRDA:73,10,0,0
BRDA:73,10,1,4
BRDA:74,11,0,2
BRDA:74,11,1,2
BRDA:76,12,0,2
BRDA:76,12,1,0
BRDA:76,12,2,0
BRDA:78,13,0,2
BRDA:78,13,1,0
BRDA:78,13,2,0
BRDA:86,14,0,1
BRDA:86,14,1,1
BRDA:87,15,0,1
BRDA:87,15,1,0
BRDA:114,16,0,2
BRDA:114,16,1,1
BRDA:114,17,0,3
BRDA:114,17,1,3
BRDA:118,18,0,3
BRDA:118,18,1,0
BRDA:128,19,0,3
BRDA:128,19,1,0
BRDA:136,20,0,0
BRDA:136,20,1,0
BRDA:154,21,0,9
BRDA:154,21,1,5
BRDA:155,22,0,9
BRDA:155,22,1,5
BRF:47
BRH:31
end_of_record
TN:
SF:lib/env.js
FN:22,assertGoogleEnv
FNF:1
FNH:0
FNDA:0,assertGoogleEnv
DA:7,1
DA:8,1
DA:9,1
DA:11,1
DA:23,0
DA:24,0
LF:6
LH:4
BRDA:23,0,0,0
BRDA:23,0,1,0
BRF:2
BRH:0
end_of_record
