TN:
SF:app/(app)/about.js
FN:3,AboutScreen
FNF:1
FNH:1
FNDA:1,AboutScreen
DA:4,1
DA:17,1
LF:2
LH:2
BRF:0
BRH:0
end_of_record
TN:
SF:app/(app)/index.js
FN:5,HomeScreen
FNF:1
FNH:1
FNDA:1,HomeScreen
DA:6,1
DA:8,1
DA:33,1
LF:3
LH:3
BRDA:12,0,0,1
BRDA:12,0,1,0
BRF:2
BRH:1
end_of_record
TN:
SF:app/(app)/profile.js
FN:4,ProfileScreen
FNF:1
FNH:1
FNDA:1,ProfileScreen
DA:5,1
DA:7,1
DA:23,1
LF:3
LH:3
BRDA:9,0,0,0
BRDA:9,0,1,1
BRDA:14,1,0,1
BRDA:14,1,1,0
BRDA:15,2,0,1
BRDA:15,2,1,0
BRF:6
BRH:3
end_of_record
TN:
SF:lib/auth-context.js
FN:24,(anonymous_0)
FN:25,(anonymous_1)
FN:34,decodeIdToken
FN:53,userFromClaims
FN:76,isSessionStillValid
FN:93,handleAuthResult
FN:115,AuthProvider
FN:132,(anonymous_7)
FN:134,(anonymous_8)
FN:154,(anonymous_9)
FN:160,(anonymous_10)
FN:162,(anonymous_11)
FN:165,(anonymous_12)
FN:180,(anonymous_13)
FN:186,(anonymous_14)
FN:200,useAuth
FNF:16
FNH:12
FNDA:0,(anonymous_0)
FNDA:0,(anonymous_1)
FNDA:8,decodeIdToken
FNDA:2,userFromClaims
FNDA:2,isSessionStillValid
FNDA:4,handleAuthResult
FNDA:9,AuthProvider
FNDA:3,(anonymous_7)
FNDA:3,(anonymous_8)
FNDA:3,(anonymous_9)
FNDA:3,(anonymous_10)
FNDA:0,(anonymous_11)
FNDA:0,(anonymous_12)
FNDA:1,(anonymous_13)
FNDA:9,(anonymous_14)
FNDA:9,useAuth
DA:16,1
DA:18,1
DA:20,1
DA:35,8
DA:36,7
DA:37,7
DA:38,6
DA:40,6
DA:41,6
DA:44,6
DA:47,5
DA:49,1
DA:54,2
DA:55,2
DA:65,1
DA:77,2
DA:78,2
DA:79,2
DA:80,2
DA:81,2
DA:82,2
DA:83,2
DA:94,4
DA:96,4
DA:97,4
DA:99,2
DA:101,2
DA:102,2
DA:103,2
DA:104,2
DA:105,2
DA:106,2
DA:107,2
DA:109,2
DA:110,1
DA:116,9
DA:117,9
DA:118,9
DA:123,9
DA:132,9
DA:133,3
DA:134,3
DA:135,3
DA:136,3
DA:137,3
DA:138,2
DA:139,2
DA:140,2
DA:145,0
DA:151,3
DA:154,3
DA:155,3
DA:160,9
DA:161,3
DA:162,0
DA:165,9
DA:166,0
DA:167,0
DA:168,0
DA:169,0
DA:171,0
DA:173,0
DA:175,0
DA:176,0
DA:180,9
DA:181,1
DA:182,1
DA:185,9
DA:186,9
DA:197,9
DA:201,9
LF:71
LH:61
BRDA:35,0,0,1
BRDA:35,0,1,7
BRDA:37,1,0,1
BRDA:37,1,1,6
BRDA:44,2,0,6
BRDA:44,2,1,0
BRDA:54,3,0,0
BRDA:54,3,1,2
BRDA:56,4,0,2
BRDA:56,4,1,0
BRDA:57,5,0,2
BRDA:57,5,1,0
BRDA:58,6,0,2
BRDA:58,6,1,0
BRDA:59,7,0,2
BRDA:59,7,1,0
BRDA:76,8,0,2
BRDA:78,9,0,0
BRDA:78,9,1,2
BRDA:80,10,0,0
BRDA:80,10,1,2
BRDA:81,11,0,0
BRDA:81,11,1,2
BRDA:81,12,0,2
BRDA:81,12,1,2
BRDA:82,13,0,0
BRDA:82,13,1,2
BRDA:82,14,0,2
BRDA:82,14,1,2
BRDA:93,15,0,4
BRDA:94,16,0,4
BRDA:94,16,1,4
BRDA:96,17,0,0
BRDA:96,17,1,4
BRDA:97,18,0,2
BRDA:97,18,1,2
BRDA:99,19,0,2
BRDA:99,19,1,0
BRDA:99,19,2,0
BRDA:101,20,0,2
BRDA:101,20,1,0
BRDA:101,20,2,0
BRDA:109,21,0,1
BRDA:109,21,1,1
BRDA:110,22,0,1
BRDA:110,22,1,0
BRDA:137,23,0,2
BRDA:137,23,1,1
BRDA:137,24,0,3
BRDA:137,24,1,3
BRDA:139,25,0,2
BRDA:139,25,1,0
BRDA:151,26,0,3
BRDA:151,26,1,0
BRDA:161,27,0,3
BRDA:161,27,1,0
BRDA:169,28,0,0
BRDA:169,28,1,0
BRDA:187,29,0,9
BRDA:187,29,1,5
BRDA:188,30,0,9
BRDA:188,30,1,5
BRF:62
BRH:41
end_of_record
TN:
SF:lib/env.js
FN:22,assertGoogleEnv
FNF:1
FNH:0
FNDA:0,assertGoogleEnv
DA:7,1
DA:8,1
DA:9,1
DA:11,1
DA:23,0
DA:24,0
LF:6
LH:4
BRDA:23,0,0,0
BRDA:23,0,1,0
BRF:2
BRH:0
end_of_record
